<?xml version="1.0" encoding="UTF-8"?>
<testsuite xmlns:xsi="http://www.w3.org/2001/XMLSchema-instance" xsi:noNamespaceSchemaLocation="https://maven.apache.org/surefire/maven-surefire-plugin/xsd/surefire-test-report.xsd" name="com.github.AdamczykK.AddressTest" time="0.072" tests="6" errors="0" skipped="0" failures="0">
  <properties>
[...]
</properties>
  <testcase name="addressesFromFileShouldNotBeEmptyAndHaveProperNames{String, String}[1]" classname="com.github.AdamczykK.AddressTest" time="0.021"/>
  <testcase name="addressesFromFileShouldNotBeEmptyAndHaveProperNames{String, String}[2]" classname="com.github.AdamczykK.AddressTest" time="0.001"/>
  <testcase name="addressesFromFileShouldNotBeEmptyAndHaveProperNames{String, String}[3]" classname="com.github.AdamczykK.AddressTest" time="0"/>
  <testcase name="givenAddressesShouldNotBeEmptyAndHaveProperNames{String, String}[1]" classname="com.github.AdamczykK.AddressTest" time="0"/>
  <testcase name="givenAddressesShouldNotBeEmptyAndHaveProperNames{String, String}[2]" classname="com.github.AdamczykK.AddressTest" time="0"/>
  <testcase name="givenAddressesShouldNotBeEmptyAndHaveProperNames{String, String}[3]" classname="com.github.AdamczykK.AddressTest" time="0.001"/>
</testsuite>